INFORMATION: CNN on MRDA
INFORMATION: dropout_ratio=0.0 minibatch-size=16 filter-nb=150 filt_len=2 pool_len=2 vocab=80
----------------------------------------------------------------------
----------------------------------------------------------------------
INFORMATION: CNN on MRDA
INFORMATION: dropout_ratio=0.0 minibatch-size=16 filter-nb=150 filt_len=2 pool_len=2 vocab=80
----------------------------------------------------------------------
----------------------------------------------------------------------
INFORMATION: CNN on MRDA
INFORMATION: dropout_ratio=0.0 minibatch-size=16 filter-nb=150 filt_len=2 pool_len=2 vocab=80
----------------------------------------------------------------------
Loading data...
Nb of tweets: train: 0 test: 0 dev: 0
Total vocabulary size: 0
Pruned vocabulary size: 80.0% =0
----------------------------------------------------------------------
INFORMATION: CNN on MRDA
INFORMATION: dropout_ratio=0.0 minibatch-size=128 filter-nb=150 filt_len=2 pool_len=2 vocab=80
----------------------------------------------------------------------
Loading data...
Nb of tweets: train: 0 test: 0 dev: 0
Total vocabulary size: 0
Pruned vocabulary size: 80.0% =0
----------------------------------------------------------------------
INFORMATION: CNN on MRDA
INFORMATION: dropout_ratio=0.0 minibatch-size=128 filter-nb=150 filt_len=2 pool_len=2 vocab=80
----------------------------------------------------------------------
----------------------------------------------------------------------
INFORMATION: CNN on MRDA
INFORMATION: dropout_ratio=0.0 minibatch-size=128 filter-nb=150 filt_len=2 pool_len=2 vocab=80
----------------------------------------------------------------------
----------------------------------------------------------------------
INFORMATION: CNN on MRDA
INFORMATION: dropout_ratio=0.0 minibatch-size=128 filter-nb=150 filt_len=2 pool_len=2 vocab=80
----------------------------------------------------------------------
----------------------------------------------------------------------
INFORMATION: CNN on MRDA
INFORMATION: dropout_ratio=0.0 minibatch-size=128 filter-nb=150 filt_len=2 pool_len=2 vocab=80
----------------------------------------------------------------------
Loading data...
Nb of tweets: train: 0 test: 0 dev: 0
Total vocabulary size: 0
Pruned vocabulary size: 80.0% =0
----------------------------------------------------------------------
